<?xml version="1.0" encoding="UTF-8"?>
<!-- Generated by org.testng.reporters.JUnitReportReporter -->
<testsuite hostname="MY-L-D6JT3F3" failures="0" tests="6" name="account.Account" time="8.726" errors="0" timestamp="2023-09-08T18:12:41 SGT" skipped="0">
  <testcase classname="account.Account" name="Account_BlockUnBlock" time="2.624"/>
  <system-out/>
  <testcase classname="account.Account" name="Account_SystematicAlert" time="1.565"/>
  <system-out/>
  <testcase classname="account.Account" name="Account_NewCardBundle" time="1.139"/>
  <system-out/>
  <testcase classname="account.Account" name="Account_EditCardBundle" time="1.291"/>
  <system-out/>
  <testcase classname="account.Account" name="Account_RemoveCardBundle" time="0.697"/>
  <system-out/>
  <testcase classname="account.Account" name="Account_DeleteCardBundle" time="1.410"/>
  <system-out/>
</testsuite> <!-- account.Account -->
