<?xml version="1.0" encoding="UTF-8"?>
<!-- Generated by org.testng.reporters.JUnitReportReporter -->
<testsuite hostname="MY-L-D6JT3F3" failures="0" tests="3" name="card.OneOff" time="2.423" errors="0" timestamp="2023-09-08T18:12:41 SGT" skipped="0">
  <testcase classname="card.OneOff" name="Card_GenerateOffCard" time="2.004"/>
  <system-out/>
  <testcase classname="card.OneOff" name="Card_SearchCard" time="0.077"/>
  <system-out/>
  <testcase classname="card.OneOff" name="Card_CancelOneOff" time="0.342"/>
  <system-out/>
</testsuite> <!-- card.OneOff -->
