<?xml version="1.0" encoding="UTF-8"?>
<!-- Generated by org.testng.reporters.JUnitReportReporter -->
<testsuite hostname="MY-L-D6JT3F3" failures="0" tests="1" name="test.SearchTS" time="4.339" errors="0" timestamp="2023-03-31T16:34:44 SGT" skipped="0">
  <testcase classname="test.SearchTS" name="test_CardDisplay" time="4.339"/>
  </>
</testsuite> <!-- test.SearchTS -->
