<?xml version="1.0" encoding="UTF-8"?>
<!-- Generated by org.testng.reporters.JUnitReportReporter -->
<testsuite hostname="MY-L-D6JT3F3" failures="0" tests="1" name="practice.Test99GuruLogin" time="54.668" errors="0" timestamp="2023-09-06T16:34:06 SGT" skipped="0">
  <testcase classname="practice.Test99GuruLogin" name="setup" time="54.668"/>
  <system-out/>
</testsuite> <!-- practice.Test99GuruLogin -->
