<?xml version="1.0" encoding="UTF-8"?>
<!-- Generated by org.testng.reporters.JUnitReportReporter -->
<testsuite hostname="MY-L-D6JT3F3" failures="0" tests="5" name="account.Product" time="12.234" errors="0" timestamp="2023-09-08T18:12:41 SGT" skipped="0">
  <testcase classname="account.Product" name="Account_CreateCurrentProduct" time="3.786"/>
  <system-out/>
  <testcase classname="account.Product" name="Account_EditCurrentProduct" time="0.816"/>
  <system-out/>
  <testcase classname="account.Product" name="Account_CreateFutureProduct" time="3.625"/>
  <system-out/>
  <testcase classname="account.Product" name="Account_EditFutureProduct" time="2.815"/>
  <system-out/>
  <testcase classname="account.Product" name="Account_DeleteProduct" time="1.192"/>
  <system-out/>
</testsuite> <!-- account.Product -->
