<?xml version="1.0" encoding="UTF-8"?>
<!-- Generated by org.testng.reporters.JUnitReportReporter -->
<testsuite hostname="MY-L-D6JT3F3" failures="0" tests="1" name="sys.AuditTrailTS" time="2.062" errors="0" timestamp="2023-08-21T15:17:19 SGT" skipped="0">
  <testcase classname="sys.AuditTrailTS" name="test_AuditPageDisplay" time="2.062"/>
  <system-out/>
</testsuite> <!-- sys.AuditTrailTS -->
