<?xml version="1.0" encoding="UTF-8"?>
<!-- Generated by org.testng.reporters.JUnitReportReporter -->
<testsuite hostname="MY-L-D6JT3F3" failures="0" tests="7" name="cardbundle.Product" time="11.033" errors="0" timestamp="2023-09-08T18:12:41 SGT" skipped="0">
  <testcase classname="cardbundle.Product" name="CardBundle_CreateCurrentProduct" time="3.564"/>
  <system-out/>
  <testcase classname="cardbundle.Product" name="CardBundle_CreateFutureProduct" time="3.493"/>
  <system-out/>
  <testcase classname="cardbundle.Product" name="CardBundle_EditCurrentProduct" time="1.830"/>
  <system-out/>
  <testcase classname="cardbundle.Product" name="CardBundle_EditFutureProduct" time="0.763"/>
  <system-out/>
  <testcase classname="cardbundle.Product" name="CardBundle_CancelCurrentProduct" time="0.113"/>
  <system-out/>
  <testcase classname="cardbundle.Product" name="CardBundle_CancelFutureProduct" time="0.108"/>
  <system-out/>
  <testcase classname="cardbundle.Product" name="CardBundle_DeleteProduct" time="1.162"/>
  <system-out/>
</testsuite> <!-- cardbundle.Product -->
