<?xml version="1.0" encoding="UTF-8"?>
<!-- Generated by org.testng.reporters.JUnitReportReporter -->
<testsuite hostname="MY-L-D6JT3F3" failures="0" tests="1" name="cardbundle.Cardbundle" time="1.551" errors="0" timestamp="2023-09-08T18:12:41 SGT" skipped="0">
  <testcase classname="cardbundle.Cardbundle" name="CardBundle_EditCardBundle" time="1.551"/>
  <system-out/>
</testsuite> <!-- cardbundle.Cardbundle -->
