<?xml version="1.0" encoding="UTF-8"?>
<!-- Generated by org.testng.reporters.JUnitReportReporter -->
<testsuite hostname="MY-L-D6JT3F3" failures="0" tests="5" name="account.CardBundle" time="28.708" errors="0" timestamp="2023-04-17T16:01:38 SGT" skipped="0">
  <testcase classname="account.CardBundle" name="test_NewCardBundle" time="5.235"/>
  </>
  <testcase classname="account.CardBundle" name="test_EditCardBundle" time="2.675"/>
  </>
  <testcase classname="account.CardBundle" name="test_RemoveCardBundle" time="2.932"/>
  </>
  <testcase classname="account.CardBundle" name="test_DeleteCardBundle" time="4.346"/>
  </>
  <testcase classname="account.CardBundle" name="test_BackLink" time="13.520"/>
  </>
</testsuite> <!-- account.CardBundle -->
