<?xml version="1.0" encoding="UTF-8"?>
<!-- Generated by org.testng.reporters.JUnitReportReporter -->
<testsuite hostname="MY-L-D6JT3F3" failures="0" tests="8" name="cardbundle.Location" time="18.188" errors="0" timestamp="2023-09-08T18:12:41 SGT" skipped="0">
  <testcase classname="cardbundle.Location" name="CardBundle_CreateCurrentLocation" time="9.303"/>
  <system-out/>
  <testcase classname="cardbundle.Location" name="CardBundle_EditCurrentLocation" time="0.852"/>
  <system-out/>
  <testcase classname="cardbundle.Location" name="CardBundle_CreateFutureLocation" time="3.705"/>
  <system-out/>
  <testcase classname="cardbundle.Location" name="CardBundle_EditFutureLocation" time="2.859"/>
  <system-out/>
  <testcase classname="cardbundle.Location" name="CardBundle_CancelCurrentLocation" time="0.137"/>
  <system-out/>
  <testcase classname="cardbundle.Location" name="CardBundle_CancelFutureLocation" time="0.131"/>
  <system-out/>
  <testcase classname="cardbundle.Location" name="CardBundle_DeleteCurrentLocation" time="0.597"/>
  <system-out/>
  <testcase classname="cardbundle.Location" name="CardBundle_DeleteFutureLocation" time="0.604"/>
  <system-out/>
</testsuite> <!-- cardbundle.Location -->
