<?xml version="1.0" encoding="UTF-8"?>
<!-- Generated by org.testng.reporters.JUnitReportReporter -->
<testsuite hostname="MY-L-D6JT3F3" failures="0" tests="1" name="Login_TC1" time="0.191" errors="0" timestamp="2023-02-15T11:42:05 SGT" skipped="0">
  <testcase classname="Login_TC1" name="test_Home_Page_Appear_Correct" time="0.191"/>
  </>
</testsuite> <!-- Login_TC1 -->
