<?xml version="1.0" encoding="UTF-8"?>
<!-- Generated by org.testng.reporters.JUnitReportReporter -->
<testsuite hostname="MY-L-D6JT3F3" failures="0" tests="3" name="account.SpecialMessage" time="6.605" errors="0" timestamp="2023-09-08T18:12:41 SGT" skipped="0">
  <testcase classname="account.SpecialMessage" name="Account_CreateSpecialMessagesPage" time="3.780"/>
  <system-out/>
  <testcase classname="account.SpecialMessage" name="Account_EditSpecialMessagesPage" time="1.710"/>
  <system-out/>
  <testcase classname="account.SpecialMessage" name="Account_DeleteSpecialMessagesPage" time="1.115"/>
  <system-out/>
</testsuite> <!-- account.SpecialMessage -->
