<?xml version="1.0" encoding="UTF-8"?>
<!-- Generated by org.testng.reporters.JUnitReportReporter -->
<testsuite hostname="MY-L-D6JT3F3" failures="0" tests="2" name="card.Card" time="4.176" errors="0" timestamp="2023-09-08T18:12:41 SGT" skipped="0">
  <testcase classname="card.Card" name="Card_CardBlockUnBlock" time="1.836"/>
  <system-out/>
  <testcase classname="card.Card" name="Card_SystematicAlert" time="2.340"/>
  <system-out/>
</testsuite> <!-- card.Card -->
