<?xml version="1.0" encoding="UTF-8"?>
<!-- Generated by org.testng.reporters.JUnitReportReporter -->
<testsuite hostname="MY-L-D6JT3F3" failures="0" tests="6" name="card.Location" time="15.207" errors="0" timestamp="2023-09-08T18:12:41 SGT" skipped="0">
  <testcase classname="card.Location" name="Card_CreateCurrentLocation" time="6.369"/>
  <system-out/>
  <testcase classname="card.Location" name="Card_EditCurrentLocation" time="0.709"/>
  <system-out/>
  <testcase classname="card.Location" name="Card_CreateFutureLocation" time="3.840"/>
  <system-out/>
  <testcase classname="card.Location" name="Card_EditFutureLocation" time="3.096"/>
  <system-out/>
  <testcase classname="card.Location" name="Card_DeleteFutureLocation" time="0.607"/>
  <system-out/>
  <testcase classname="card.Location" name="Card_DeleteCurrentLocation" time="0.586"/>
  <system-out/>
</testsuite> <!-- card.Location -->
