<?xml version="1.0" encoding="UTF-8"?>
<!-- Generated by org.testng.reporters.JUnitReportReporter -->
<testsuite hostname="MY-L-D6JT3F3" failures="0" tests="2" name="card.FleetId" time="1.883" errors="0" timestamp="2023-09-08T18:12:41 SGT" skipped="0">
  <testcase classname="card.FleetId" name="Card_ExportFleetID" time="0.488"/>
  <system-out/>
  <testcase classname="card.FleetId" name="Card_AddFleetID" time="1.395"/>
  <system-out/>
</testsuite> <!-- card.FleetId -->
