<?xml version="1.0" encoding="UTF-8"?>
<!-- Generated by org.testng.reporters.JUnitReportReporter -->
<testsuite hostname="MY-L-D6JT3F3" failures="0" tests="3" name="account.ProductGroup" time="8.296" errors="0" timestamp="2023-09-08T18:12:41 SGT" skipped="0">
  <testcase classname="account.ProductGroup" name="Account_CreateProductGroup" time="4.689"/>
  <system-out/>
  <testcase classname="account.ProductGroup" name="Account_RemoveProductGroup" time="2.802"/>
  <system-out/>
  <testcase classname="account.ProductGroup" name="Account_DeleteProductGroup" time="0.805"/>
  <system-out/>
</testsuite> <!-- account.ProductGroup -->
