<?xml version="1.0" encoding="UTF-8"?>
<!-- Generated by org.testng.reporters.JUnitReportReporter -->
<testsuite hostname="MY-L-D6JT3F3" failures="0" tests="1" name="practice.AppTest2" time="55.906" errors="0" timestamp="2023-03-23T14:34:22 SGT" skipped="0">
  <testcase classname="practice.AppTest2" name="guru99tutorials" time="55.906"/>
  </>
</testsuite> <!-- practice.AppTest2 -->
