<?xml version="1.0" encoding="UTF-8"?>
<!-- Generated by org.testng.reporters.JUnitReportReporter -->
<testsuite hostname="MY-L-D6JT3F3" failures="0" tests="5" name="card.DayTime" time="9.455" errors="0" timestamp="2023-09-08T18:12:41 SGT" skipped="0">
  <testcase classname="card.DayTime" name="Card_CreateDayTimeCurrent" time="2.204"/>
  <system-out/>
  <testcase classname="card.DayTime" name="Card_EditDayTimeCurrent" time="0.693"/>
  <system-out/>
  <testcase classname="card.DayTime" name="Card_CreateDayTimeFuture" time="2.926"/>
  <system-out/>
  <testcase classname="card.DayTime" name="Card_EditDayTimeFuture" time="2.430"/>
  <system-out/>
  <testcase classname="card.DayTime" name="Card_DeleteDayTime" time="1.202"/>
  <system-out/>
</testsuite> <!-- card.DayTime -->
