<?xml version="1.0" encoding="UTF-8"?>
<!-- Generated by org.testng.reporters.JUnitReportReporter -->
<testsuite hostname="MY-L-D6JT3F3" failures="0" tests="1" name="test.Main" time="14.452" errors="0" timestamp="2023-03-29T10:09:07 SGT" skipped="0">
  <testcase classname="test.Main" name="test_BackLink" time="14.452"/>
  </>
</testsuite> <!-- test.Main -->
