<?xml version="1.0" encoding="UTF-8"?>
<!-- Generated by org.testng.reporters.JUnitReportReporter -->
<testsuite hostname="MY-L-D6JT3F3" failures="0" tests="1" name="test.Product" time="19.407" errors="0" timestamp="2023-03-29T16:30:58 SGT" skipped="0">
  <testcase classname="test.Product" name="test_AddProduct" time="19.407"/>
  </>
</testsuite> <!-- test.Product -->
