<?xml version="1.0" encoding="UTF-8"?>
<!-- Generated by org.testng.reporters.JUnitReportReporter -->
<testsuite hostname="MY-L-D6JT3F3" failures="0" tests="2" name="card.Velocity" time="5.914" errors="0" timestamp="2023-09-08T18:12:41 SGT" skipped="0">
  <testcase classname="card.Velocity" name="Card_CreateVelocity" time="4.782"/>
  <system-out/>
  <testcase classname="card.Velocity" name="Card_DeleteVelocity" time="1.132"/>
  <system-out/>
</testsuite> <!-- card.Velocity -->
