<?xml version="1.0" encoding="UTF-8"?>
<!-- Generated by org.testng.reporters.JUnitReportReporter -->
<testsuite hostname="MY-L-D6JT3F3" failures="0" tests="1" name="test.Location" time="17.038" errors="0" timestamp="2023-03-29T12:50:41 SGT" skipped="0">
  <testcase classname="test.Location" name="test_EditCurrentProduct" time="17.038"/>
  </>
</testsuite> <!-- test.Location -->
