<?xml version="1.0" encoding="UTF-8"?>
<!-- Generated by org.testng.reporters.JUnitReportReporter -->
<testsuite hostname="MY-L-D6JT3F3" failures="0" tests="5" name="card.Product" time="11.975" errors="0" timestamp="2023-09-08T18:12:41 SGT" skipped="0">
  <testcase classname="card.Product" name="Card_CreateCurrentProduct" time="3.776"/>
  <system-out/>
  <testcase classname="card.Product" name="Card_EditCurrentProduct" time="0.807"/>
  <system-out/>
  <testcase classname="card.Product" name="Card_CreateFutureProduct" time="3.577"/>
  <system-out/>
  <testcase classname="card.Product" name="Card_EditFutureProduct" time="2.643"/>
  <system-out/>
  <testcase classname="card.Product" name="Card_DeleteProduct" time="1.172"/>
  <system-out/>
</testsuite> <!-- card.Product -->
