<?xml version="1.0" encoding="UTF-8"?>
<!-- Generated by org.testng.reporters.JUnitReportReporter -->
<testsuite hostname="MY-L-D6JT3F3" failures="0" tests="2" name="main.Customer" time="3.482" errors="0" timestamp="2023-09-04T14:25:30 SGT" skipped="0">
  <testcase classname="main.Customer" name="test_CustomerBlockUnBlock" time="2.481"/>
  <system-out/>
  <testcase classname="main.Customer" name="test_ClickAccountNumber" time="1.001"/>
  <system-out/>
</testsuite> <!-- main.Customer -->
