<?xml version="1.0" encoding="UTF-8"?>
<!-- Generated by org.testng.reporters.JUnitReportReporter -->
<testsuite hostname="MY-L-D6JT3F3" failures="0" tests="7" name="cardbundle.DayTime" time="11.334" errors="0" timestamp="2023-09-08T18:12:41 SGT" skipped="0">
  <testcase classname="cardbundle.DayTime" name="CardBundle_CreateDayTimeCurrent" time="2.043"/>
  <system-out/>
  <testcase classname="cardbundle.DayTime" name="CardBundle_CreateDayTimeFuture" time="3.390"/>
  <system-out/>
  <testcase classname="cardbundle.DayTime" name="CardBundle_EditDayTimeCurrent" time="0.681"/>
  <system-out/>
  <testcase classname="cardbundle.DayTime" name="CardBundle_EditDayTimeFuture" time="2.704"/>
  <system-out/>
  <testcase classname="cardbundle.DayTime" name="CardBundle_CancelDayTimeCurrent" time="0.116"/>
  <system-out/>
  <testcase classname="cardbundle.DayTime" name="CardBundle_CancelDayTimeFuture" time="0.625"/>
  <system-out/>
  <testcase classname="cardbundle.DayTime" name="CardBundle_DeleteDayTime" time="1.775"/>
  <system-out/>
</testsuite> <!-- cardbundle.DayTime -->
