<?xml version="1.0" encoding="UTF-8"?>
<!-- Generated by org.testng.reporters.JUnitReportReporter -->
<testsuite hostname="MY-L-D6JT3F3" failures="0" tests="3" name="card.MobilePay" time="10.636" errors="0" timestamp="2023-09-08T18:12:41 SGT" skipped="0">
  <testcase classname="card.MobilePay" name="Card_RegisterMobilePay" time="4.196"/>
  <system-out/>
  <testcase classname="card.MobilePay" name="Card_SearchMobilePay" time="5.022"/>
  <system-out/>
  <testcase classname="card.MobilePay" name="Card_CancelMobilePay" time="1.418"/>
  <system-out/>
</testsuite> <!-- card.MobilePay -->
