<?xml version="1.0" encoding="UTF-8"?>
<!-- Generated by org.testng.reporters.JUnitReportReporter -->
<testsuite hostname="MY-L-D6JT3F3" failures="0" tests="2" name="main.SearchTs" time="2.301" errors="0" timestamp="2023-09-04T14:37:12 SGT" skipped="0">
  <testcase classname="main.SearchTs" name="test_SpecialMessagesPageDisplay" time="1.583"/>
  <system-out/>
  <testcase classname="main.SearchTs" name="test_BackLink" time="0.718"/>
  <system-out/>
</testsuite> <!-- main.SearchTs -->
