<?xml version="1.0" encoding="UTF-8"?>
<!-- Generated by org.testng.reporters.JUnitReportReporter -->
<testsuite hostname="MY-L-D6JT3F3" failures="0" tests="1" name="test.SiteGroups" time="15.142" errors="0" timestamp="2023-03-28T16:32:48 SGT" skipped="0">
  <testcase classname="test.SiteGroups" name="test_RemoveGroupShellSite" time="15.142"/>
  </>
</testsuite> <!-- test.SiteGroups -->
