<?xml version="1.0" encoding="UTF-8"?>
<!-- Generated by org.testng.reporters.JUnitReportReporter -->
<testsuite hostname="MY-L-D6JT3F3" failures="0" tests="4" name="account.FleetId" time="4.274" errors="0" timestamp="2023-09-08T18:12:41 SGT" skipped="0">
  <testcase classname="account.FleetId" name="Account_ExportFleetID" time="0.296"/>
  <system-out/>
  <testcase classname="account.FleetId" name="Account_CreateFleetID" time="2.563"/>
  <system-out/>
  <testcase classname="account.FleetId" name="Account_EditFleetID" time="0.814"/>
  <system-out/>
  <testcase classname="account.FleetId" name="Account_DeleteFleetID" time="0.601"/>
  <system-out/>
</testsuite> <!-- account.FleetId -->
