<?xml version="1.0" encoding="UTF-8"?>
<!-- Generated by org.testng.reporters.JUnitReportReporter -->
<testsuite hostname="MY-L-D6JT3F3" failures="0" tests="2" name="test.Customer" time="11.406" errors="0" timestamp="2023-04-04T16:45:29 SGT" skipped="0">
  <testcase classname="test.Customer" name="test_CustomerBlockUnBlock" time="8.898"/>
  </>
  <testcase classname="test.Customer" name="test_ClickAccountNumber" time="2.508"/>
  </>
</testsuite> <!-- test.Customer -->
