<?xml version="1.0" encoding="UTF-8"?>
<!-- Generated by org.testng.reporters.JUnitReportReporter -->
<testsuite hostname="MY-L-D6JT3F3" failures="0" tests="6" name="account.DayTime" time="9.459" errors="0" timestamp="2023-09-08T18:12:41 SGT" skipped="0">
  <testcase classname="account.DayTime" name="Account_CreateDayTimeCurrent" time="2.226"/>
  <system-out/>
  <testcase classname="account.DayTime" name="Account_EditDayTimeCurrent" time="0.700"/>
  <system-out/>
  <testcase classname="account.DayTime" name="Account_CreateDayTimeFuture" time="3.083"/>
  <system-out/>
  <testcase classname="account.DayTime" name="Account_EditDayTimeFuture" time="2.256"/>
  <system-out/>
  <testcase classname="account.DayTime" name="Account_DeleteDayTimeCurrent" time="0.604"/>
  <system-out/>
  <testcase classname="account.DayTime" name="Account_DeleteDayTimeFuture" time="0.590"/>
  <system-out/>
</testsuite> <!-- account.DayTime -->
