<?xml version="1.0" encoding="UTF-8"?>
<!-- Generated by org.testng.reporters.JUnitReportReporter -->
<testsuite hostname="MY-L-D6JT3F3" failures="0" tests="2" name="pages.practice.Priority_In_testNG" time="24.222" errors="0" timestamp="2023-03-25T06:06:51 SGT" skipped="0">
  <testcase classname="pages.practice.Priority_In_testNG" name="test_AccountBlockUnBlock" time="17.739"/>
  </>
  <testcase classname="pages.practice.Priority_In_testNG" name="test_SystematicAlert" time="6.483"/>
  </>
</testsuite> <!-- pages.practice.Priority_In_testNG -->
