<?xml version="1.0" encoding="UTF-8"?>
<!-- Generated by org.testng.reporters.JUnitReportReporter -->
<testsuite hostname="MY-L-D6JT3F3" failures="0" tests="3" name="test.SpecialMessage" time="13.376" errors="0" timestamp="2023-04-03T22:32:08 SGT" skipped="0">
  <testcase classname="test.SpecialMessage" name="test_CreateSpecialMessagesPage" time="7.496"/>
  </>
  <testcase classname="test.SpecialMessage" name="test_EditSpecialMessagesPage" time="4.593"/>
  </>
  <testcase classname="test.SpecialMessage" name="test_DeleteSpecialMessagesPage" time="1.287"/>
  </>
</testsuite> <!-- test.SpecialMessage -->
