<?xml version="1.0" encoding="UTF-8"?>
<!-- Generated by org.testng.reporters.JUnitReportReporter -->
<testsuite hostname="MY-L-D6JT3F3" failures="0" tests="1" name="component.LoginPageTest" time="5.487" errors="0" timestamp="2023-07-04T16:24:09 SGT" skipped="0">
  <testcase classname="component.LoginPageTest" name="Account_CreateFleetID" time="5.487"/>
  </>
</testsuite> <!-- component.LoginPageTest -->
