<?xml version="1.0" encoding="UTF-8"?>
<!-- Generated by org.testng.reporters.JUnitReportReporter -->
<testsuite hostname="MY-L-D6JT3F3" failures="0" tests="1" name="cardbundle.Velocity" time="4.320" errors="0" timestamp="2023-09-08T18:12:41 SGT" skipped="0">
  <testcase classname="cardbundle.Velocity" name="CardBundle_CreateVelocity" time="4.320"/>
  <system-out/>
</testsuite> <!-- cardbundle.Velocity -->
