<?xml version="1.0" encoding="UTF-8"?>
<!-- Generated by org.testng.reporters.JUnitReportReporter -->
<testsuite hostname="MY-L-D6JT3F3" failures="0" tests="3" name="test.ProductGroup" time="18.788" errors="0" timestamp="2023-03-27T16:03:27 SGT" skipped="0">
  <testcase classname="test.ProductGroup" name="test_AddNewProductGroup" time="8.508"/>
  </>
  <testcase classname="test.ProductGroup" name="test_RemoveProductGroup" time="6.202"/>
  </>
  <testcase classname="test.ProductGroup" name="test_DeleteProductGroup" time="4.078"/>
  </>
</testsuite> <!-- test.ProductGroup -->
