<?xml version="1.0" encoding="UTF-8"?>
<!-- Generated by org.testng.reporters.JUnitReportReporter -->
<testsuite hostname="MY-L-D6JT3F3" failures="0" tests="2" name="account.Velocity" time="6.232" errors="0" timestamp="2023-09-08T18:12:41 SGT" skipped="0">
  <testcase classname="account.Velocity" name="Account_NewVelocity" time="4.572"/>
  <system-out/>
  <testcase classname="account.Velocity" name="Account_DeleteVelocity" time="1.660"/>
  <system-out/>
</testsuite> <!-- account.Velocity -->
