<?xml version="1.0" encoding="UTF-8"?>
<!-- Generated by org.testng.reporters.JUnitReportReporter -->
<testsuite hostname="MY-L-D6JT3F3" failures="0" tests="1" name="test.History" time="5.354" errors="0" timestamp="2023-03-03T10:59:30 SGT" skipped="0">
  <testcase classname="test.History" name="test_ViewTransactionHistory" time="5.354"/>
  </>
</testsuite> <!-- test.History -->
